  glad.c
  imgui.cpp
  imgui_demo.cpp
  imgui_draw.cpp
  imgui_impl_glfw.cpp
  imgui_impl_opengl3.cpp
  imgui_tables.cpp
  imgui_widgets.cpp
  clock.cpp
  main.cpp
G:\dev\repos\VoxelByte\VoxelByte\shader.h(33,22): warning C4101: 'geometry': unreferenced local variable
  (compiling source file 'main.cpp')
  
G:\dev\repos\VoxelByte\VoxelByte\main.cpp(185,21): warning C4244: 'initializing': conversion from 'double' to 'float', possible loss of data
  voxel.cpp
G:\dev\repos\VoxelByte\VoxelByte\shader.h(33,22): warning C4101: 'geometry': unreferenced local variable
  (compiling source file 'voxel.cpp')
  
G:\dev\repos\VoxelByte\VoxelByte\voxel.cpp(80,34): warning C4267: 'return': conversion from 'size_t' to 'int', possible loss of data
G:\dev\repos\VoxelByte\VoxelByte\voxel.cpp(328,51): warning C4267: 'argument': conversion from 'size_t' to 'GLsizei', possible loss of data
  Generating code
  Previous IPDB not found, fall back to full compilation.
  All 2248 functions were compiled because no usable IPDB/IOBJ from previous compilation was found.
  Finished generating code
  VoxelByte.vcxproj -> G:\dev\repos\VoxelByte\x64\Release\VoxelByte.exe
